[debug] [2023-01-21T14:06:10.273Z] ----------------------------------------------------------------------
[debug] [2023-01-21T14:06:10.275Z] Command:       /usr/local/bin/firebase /Users/maca7/.cache/firebase/tools/lib/node_modules/firebase-tools/lib/bin/firebase init
[debug] [2023-01-21T14:06:10.276Z] CLI Version:   11.17.0
[debug] [2023-01-21T14:06:10.276Z] Platform:      darwin
[debug] [2023-01-21T14:06:10.276Z] Node Version:  v16.16.0
[debug] [2023-01-21T14:06:10.282Z] Time:          Sat Jan 21 2023 17:06:10 GMT+0300 (Arabian Standard Time)
[debug] [2023-01-21T14:06:10.283Z] ----------------------------------------------------------------------
[debug] 
[debug] [2023-01-21T14:06:10.293Z] > command requires scopes: ["email","openid","https://www.googleapis.com/auth/cloudplatformprojects.readonly","https://www.googleapis.com/auth/firebase","https://www.googleapis.com/auth/cloud-platform"]
[debug] [2023-01-21T14:06:10.294Z] > authorizing via signed-in user (gadeerwaleed@gmail.com)
[info] 
     ######## #### ########  ######## ########     ###     ######  ########
     ##        ##  ##     ## ##       ##     ##  ##   ##  ##       ##
     ######    ##  ########  ######   ########  #########  ######  ######
     ##        ##  ##    ##  ##       ##     ## ##     ##       ## ##
     ##       #### ##     ## ######## ########  ##     ##  ######  ########

You're about to initialize a Firebase project in this directory:

  /Users/maca7/Desktop/2022-GP1-06

[info] 
=== Project Setup
[info] 
[info] First, let's associate this project directory with a Firebase project.
[info] You can create multiple project aliases by running firebase use --add, 
[info] but for now we'll just set up a default project.
[info] 
